<?xml version="1.0" encoding="UTF-8"?>
<testsuite name="mastermind.MastermindTests" tests="7" skipped="0" failures="0" errors="0" timestamp="2019-01-10T08:39:16" hostname="ncl008" time="0.01">
  <properties/>
  <testcase name="testOnlyWrongPositions" classname="mastermind.MastermindTests" time="0.009"/>
  <testcase name="testEqual" classname="mastermind.MastermindTests" time="0.0"/>
  <testcase name="testSwap" classname="mastermind.MastermindTests" time="0.0"/>
  <testcase name="testSameLetters" classname="mastermind.MastermindTests" time="0.0"/>
  <testcase name="testRightPositions" classname="mastermind.MastermindTests" time="0.0"/>
  <testcase name="testRightPosition" classname="mastermind.MastermindTests" time="0.0"/>
  <testcase name="testWrongPositions" classname="mastermind.MastermindTests" time="0.0"/>
  <system-out><![CDATA[]]></system-out>
  <system-err><![CDATA[]]></system-err>
</testsuite>
